mode: set
wallet-service/service/wallet_service.go:21.60,24.2 2 1
wallet-service/service/wallet_service.go:26.76,27.61 1 1
wallet-service/service/wallet_service.go:31.2,31.54 1 1
wallet-service/service/wallet_service.go:27.61,29.3 1 1
wallet-service/service/wallet_service.go:34.62,35.60 1 1
wallet-service/service/wallet_service.go:39.2,40.12 2 1
wallet-service/service/wallet_service.go:35.60,37.3 1 1
wallet-service/service/wallet_service.go:43.98,44.61 1 1
wallet-service/service/wallet_service.go:48.2,51.51 4 1
wallet-service/service/wallet_service.go:44.61,46.3 1 0
wallet-service/service/wallet_service.go:51.51,53.3 1 1
wallet-service/service/wallet_service.go:53.8,56.3 2 1
wallet-service/service/wallet_service.go:59.79,63.2 1 1
wallet-service/handler/wallet_handler.go:20.80,22.18 1 1
wallet-service/handler/wallet_handler.go:23.22,24.28 1 1
wallet-service/handler/wallet_handler.go:25.22,26.28 1 1
wallet-service/handler/wallet_handler.go:27.23,28.29 1 1
wallet-service/handler/wallet_handler.go:32.83,39.21 3 1
wallet-service/handler/wallet_handler.go:45.2,45.16 1 1
wallet-service/handler/wallet_handler.go:51.2,52.16 2 1
wallet-service/handler/wallet_handler.go:58.2,59.23 2 1
wallet-service/handler/wallet_handler.go:39.21,41.3 1 1
wallet-service/handler/wallet_handler.go:41.8,43.3 1 1
wallet-service/handler/wallet_handler.go:45.16,49.3 3 1
wallet-service/handler/wallet_handler.go:52.16,56.3 3 0
wallet-service/handler/wallet_handler.go:62.83,65.16 3 1
wallet-service/handler/wallet_handler.go:70.2,70.35 1 1
wallet-service/handler/wallet_handler.go:65.16,69.3 3 1
wallet-service/handler/wallet_handler.go:73.84,76.16 3 1
wallet-service/handler/wallet_handler.go:81.2,85.16 4 1
wallet-service/handler/wallet_handler.go:91.2,92.16 2 1
wallet-service/handler/wallet_handler.go:98.2,99.16 2 1
wallet-service/handler/wallet_handler.go:105.2,107.23 3 1
wallet-service/handler/wallet_handler.go:76.16,80.3 3 0
wallet-service/handler/wallet_handler.go:85.16,89.3 3 0
wallet-service/handler/wallet_handler.go:92.16,96.3 3 0
wallet-service/handler/wallet_handler.go:99.16,103.3 3 0
wallet-service/handler/wallet_handler.go:110.70,114.2 1 1
